TN:
SF:/Users/jun/Downloads/sampleFido2/src/credential.ts
FN:7,(anonymous_15)
FN:7,(anonymous_16)
FNF:2
FNH:2
FNDA:1,(anonymous_15)
FNDA:1,(anonymous_16)
DA:1,2
DA:2,2
DA:3,2
DA:4,2
DA:7,2
DA:8,1
DA:12,1
DA:15,1
DA:18,1
DA:19,1
DA:20,1
DA:23,1
DA:24,1
DA:26,1
DA:27,1
DA:30,1
DA:33,1
DA:34,1
DA:35,1
DA:39,1
DA:40,1
DA:41,1
DA:43,1
DA:44,1
DA:45,1
DA:48,1
DA:49,1
DA:50,1
DA:53,1
DA:56,1
DA:58,0
LF:31
LH:30
BRDA:58,0,0,0
BRDA:12,1,0,0
BRDA:12,1,1,1
BRDA:19,2,0,0
BRDA:19,2,1,1
BRDA:30,3,0,0
BRDA:30,3,1,1
BRDA:34,4,0,0
BRDA:34,4,1,1
BRDA:35,5,0,0
BRDA:35,5,1,1
BRDA:41,6,0,0
BRDA:41,6,1,1
BRF:13
BRH:6
end_of_record
TN:
SF:/Users/jun/Downloads/sampleFido2/src/env.ts
FN:1,(anonymous_0)
FNF:1
FNH:1
FNDA:1,(anonymous_0)
DA:1,2
DA:2,1
DA:3,1
DA:5,0
LF:4
LH:3
BRDA:2,0,0,1
BRDA:2,0,1,0
BRDA:2,1,0,1
BRDA:2,1,1,1
BRF:4
BRH:3
end_of_record
TN:
SF:/Users/jun/Downloads/sampleFido2/src/index.ts
FNF:0
FNH:0
DA:5,2
DA:7,2
DA:8,2
LF:3
LH:3
BRF:0
BRH:0
end_of_record
