TN:
SF:/Users/jun/Downloads/sampleFido2/src/credential.ts
FN:7,(anonymous_15)
FN:11,(anonymous_16)
FN:15,(anonymous_17)
FN:38,(anonymous_19)
FN:39,(anonymous_20)
FN:52,(anonymous_22)
FN:54,(anonymous_23)
FN:99,(anonymous_25)
FN:102,(anonymous_26)
FN:105,(anonymous_27)
FNF:10
FNH:9
FNDA:2,(anonymous_15)
FNDA:2,(anonymous_16)
FNDA:2,(anonymous_17)
FNDA:1,(anonymous_19)
FNDA:1,(anonymous_20)
FNDA:1,(anonymous_22)
FNDA:1,(anonymous_23)
FNDA:0,(anonymous_25)
FNDA:1,(anonymous_26)
FNDA:1,(anonymous_27)
DA:1,2
DA:2,2
DA:3,2
DA:4,2
DA:5,2
DA:7,2
DA:9,2
DA:11,2
DA:15,2
DA:17,2
DA:19,2
DA:20,2
DA:21,2
DA:24,2
DA:25,2
DA:27,2
DA:30,2
DA:31,2
DA:32,2
DA:35,2
DA:38,2
DA:39,1
DA:41,1
DA:42,1
DA:43,1
DA:44,1
DA:45,1
DA:46,1
DA:47,1
DA:49,1
DA:52,2
DA:54,1
DA:56,1
DA:59,1
DA:62,1
DA:63,1
DA:64,1
DA:67,1
DA:68,1
DA:69,1
DA:72,1
DA:73,1
DA:74,1
DA:76,1
DA:77,1
DA:78,1
DA:81,1
DA:82,1
DA:83,1
DA:86,1
DA:89,1
DA:90,1
DA:93,1
DA:94,1
DA:96,0
DA:99,2
DA:102,2
DA:105,1
DA:107,1
DA:111,1
DA:114,1
DA:115,1
DA:116,1
DA:117,1
DA:120,1
DA:121,1
DA:123,1
DA:124,1
DA:125,1
DA:126,1
DA:127,1
DA:128,1
DA:130,1
DA:131,1
DA:132,1
DA:133,1
LF:76
LH:75
BRDA:20,0,0,0
BRDA:20,0,1,2
BRDA:21,1,0,0
BRDA:21,1,1,2
BRDA:27,2,0,0
BRDA:27,2,1,2
BRDA:31,3,0,0
BRDA:31,3,1,2
BRDA:32,4,0,0
BRDA:32,4,1,2
BRDA:32,5,0,2
BRDA:32,5,1,1
BRDA:96,6,0,0
BRDA:59,7,0,0
BRDA:59,7,1,1
BRDA:68,8,0,0
BRDA:68,8,1,1
BRDA:74,9,0,0
BRDA:74,9,1,1
BRDA:90,10,0,0
BRDA:90,10,1,1
BRDA:111,11,0,0
BRDA:111,11,1,1
BRDA:121,12,0,0
BRDA:121,12,1,1
BRF:25
BRH:13
end_of_record
TN:
SF:/Users/jun/Downloads/sampleFido2/src/env.ts
FN:1,(anonymous_0)
FNF:1
FNH:1
FNDA:5,(anonymous_0)
DA:1,2
DA:2,5
DA:3,5
DA:5,0
LF:4
LH:3
BRDA:2,0,0,5
BRDA:2,0,1,0
BRDA:2,1,0,5
BRDA:2,1,1,5
BRF:4
BRH:3
end_of_record
TN:
SF:/Users/jun/Downloads/sampleFido2/src/index.ts
FNF:0
FNH:0
DA:5,2
DA:7,2
DA:8,2
DA:9,2
DA:10,2
LF:5
LH:5
BRF:0
BRH:0
end_of_record
TN:
SF:/Users/jun/Downloads/sampleFido2/src/util.ts
FN:4,(anonymous_2)
FN:8,(anonymous_3)
FNF:2
FNH:2
FNDA:1,(anonymous_2)
FNDA:5,(anonymous_3)
DA:1,2
DA:2,2
DA:4,2
DA:5,1
DA:7,1
DA:8,1
DA:9,5
DA:11,1
DA:12,1
DA:14,1
DA:15,1
DA:17,1
DA:18,1
DA:20,1
DA:21,1
DA:23,1
DA:24,1
DA:27,1
LF:18
LH:18
BRDA:10,0,0,1
BRDA:10,0,1,1
BRDA:10,0,2,1
BRDA:10,0,3,1
BRDA:10,0,4,1
BRDA:11,1,0,1
BRDA:11,1,1,0
BRDA:14,2,0,1
BRDA:14,2,1,0
BRDA:17,3,0,1
BRDA:17,3,1,0
BRF:11
BRH:8
end_of_record
